<?xml version="1.0" encoding="UTF-8"?>
<!-- Generated by org.testng.reporters.JUnitReportReporter -->
<testsuite skipped="0" hostname="DESKTOP-R51096T" name="org.mavenpro.Groupingtestng" tests="6" failures="0" timestamp="2023-05-15T19:03:42 IST" time="0.010" errors="0">
  <testcase name="duke" time="0.001" classname="org.mavenpro.Groupingtestng"/>
  <system-out/>
  <testcase name="yamaha" time="0.001" classname="org.mavenpro.Groupingtestng"/>
  <system-out/>
  <testcase name="royalenfield" time="0.001" classname="org.mavenpro.Groupingtestng"/>
  <system-out/>
  <testcase name="benz" time="0.006" classname="org.mavenpro.Groupingtestng"/>
  <system-out/>
  <testcase name="swift" time="0.000" classname="org.mavenpro.Groupingtestng"/>
  <system-out/>
  <testcase name="mahindra" time="0.001" classname="org.mavenpro.Groupingtestng"/>
  <system-out/>
</testsuite> <!-- org.mavenpro.Groupingtestng -->
