<?xml version="1.0" encoding="UTF-8"?>
<!-- Generated by org.testng.reporters.JUnitReportReporter -->
<testsuite skipped="0" hostname="DESKTOP-R51096T" name="org.mavenpro.Invocationcount_testng" tests="5" failures="0" timestamp="2023-04-21T14:46:22 IST" time="0.012" errors="0">
  <testcase name="hi" time="0.001" classname="org.mavenpro.Invocationcount_testng"/>
  <system-out/>
  <testcase name="hi" time="0.001" classname="org.mavenpro.Invocationcount_testng"/>
  <system-out/>
  <testcase name="hi" time="0.001" classname="org.mavenpro.Invocationcount_testng"/>
  <system-out/>
  <testcase name="hi" time="0.001" classname="org.mavenpro.Invocationcount_testng"/>
  <system-out/>
  <testcase name="hi" time="0.008" classname="org.mavenpro.Invocationcount_testng"/>
  <system-out/>
</testsuite> <!-- org.mavenpro.Invocationcount_testng -->
