<?xml version="1.0" encoding="UTF-8"?>
<!-- Generated by org.testng.reporters.JUnitReportReporter -->
<testsuite skipped="1" hostname="DESKTOP-R51096T" name="org.mavenpro.BookMyShow" tests="14" failures="0" timestamp="2023-04-12T00:23:08 IST" time="15.018" errors="0">
  <testcase name="browser" time="2.189" classname="org.mavenpro.BookMyShow"/>
  <system-out/>
  <testcase name="url" time="2.096" classname="org.mavenpro.BookMyShow"/>
  <system-out/>
  <testcase name="implicitlywait" time="0.012" classname="org.mavenpro.BookMyShow"/>
  <system-out/>
  <testcase name="select_movie" time="0.124" classname="org.mavenpro.BookMyShow"/>
  <system-out/>
  <testcase name="book_tickets" time="2.722" classname="org.mavenpro.BookMyShow"/>
  <system-out/>
  <testcase name="personalized" time="4.782" classname="org.mavenpro.BookMyShow"/>
  <system-out/>
  <testcase name="select_theatre" time="0.164" classname="org.mavenpro.BookMyShow"/>
  <system-out/>
  <testcase name="termsandc0nditions" time="0.133" classname="org.mavenpro.BookMyShow"/>
  <system-out/>
  <testcase name="selectnoofseats" time="0.572" classname="org.mavenpro.BookMyShow"/>
  <system-out/>
  <testcase name="selectbutton" time="0.150" classname="org.mavenpro.BookMyShow"/>
  <system-out/>
  <testcase name="seat_selection" time="0.349" classname="org.mavenpro.BookMyShow"/>
  <system-out/>
  <testcase name="pay" time="0.108" classname="org.mavenpro.BookMyShow"/>
  <system-out/>
  <testcase name="prepay" time="1.617" classname="org.mavenpro.BookMyShow"/>
  <system-out/>
  <testcase name="date" classname="org.mavenpro.BookMyShow">
    <skipped/>
  </testcase> <!-- date -->
  <system-out/>
</testsuite> <!-- org.mavenpro.BookMyShow -->
