<?xml version="1.0" encoding="UTF-8"?>
<!-- Generated by org.testng.reporters.JUnitReportReporter -->
<testsuite skipped="0" hostname="DESKTOP-R51096T" name="org.mavenpro.Nykaa_testngpractice" tests="6" failures="0" timestamp="2023-05-16T01:40:13 IST" time="15.765" errors="0">
  <testcase name="browser" time="2.270" classname="org.mavenpro.Nykaa_testngpractice"/>
  <system-out/>
  <testcase name="url" time="4.743" classname="org.mavenpro.Nykaa_testngpractice"/>
  <system-out/>
  <testcase name="women" time="2.482" classname="org.mavenpro.Nykaa_testngpractice"/>
  <system-out/>
  <testcase name="allwindow" time="0.168" classname="org.mavenpro.Nykaa_testngpractice"/>
  <system-out/>
  <testcase name="dress" time="5.505" classname="org.mavenpro.Nykaa_testngpractice"/>
  <system-out/>
  <testcase name="select" time="0.597" classname="org.mavenpro.Nykaa_testngpractice"/>
  <system-out/>
</testsuite> <!-- org.mavenpro.Nykaa_testngpractice -->
