<?xml version="1.0" encoding="UTF-8"?>
<!-- Generated by org.testng.reporters.JUnitReportReporter -->
<testsuite skipped="0" hostname="DESKTOP-R51096T" name="org.mavenpro.Parameterizedtest_testng" tests="1" failures="0" timestamp="2023-05-12T17:46:36 IST" time="5.159" errors="0">
  <testcase name="adactin" time="5.159" classname="org.mavenpro.Parameterizedtest_testng"/>
  <system-out/>
</testsuite> <!-- org.mavenpro.Parameterizedtest_testng -->
