<?xml version="1.0" encoding="UTF-8"?>
<!-- Generated by org.testng.reporters.JUnitReportReporter -->
<testsuite skipped="0" hostname="DESKTOP-R51096T" name="org.mavenpro.Basic_pro" tests="1" failures="0" timestamp="2023-05-12T17:49:38 IST" time="3.821" errors="0">
  <testcase name="Basic_pro" time="3.821" classname="org.mavenpro.Basic_pro"/>
  <system-out/>
</testsuite> <!-- org.mavenpro.Basic_pro -->
