<?xml version="1.0" encoding="UTF-8"?>
<!-- Generated by org.testng.reporters.JUnitReportReporter -->
<testsuite skipped="0" hostname="DESKTOP-R51096T" name="org.mavenpro.Dependencytestng" tests="3" failures="0" timestamp="2023-04-21T14:42:06 IST" time="0.007" errors="0">
  <testcase name="hi" time="0.001" classname="org.mavenpro.Dependencytestng"/>
  <system-out/>
  <testcase name="testngpractice" time="0.006" classname="org.mavenpro.Dependencytestng"/>
  <system-out/>
  <testcase name="thisis" time="0.000" classname="org.mavenpro.Dependencytestng"/>
  <system-out/>
</testsuite> <!-- org.mavenpro.Dependencytestng -->
