<?xml version="1.0" encoding="UTF-8"?>
<!-- Generated by org.testng.reporters.JUnitReportReporter -->
<testsuite skipped="0" hostname="DESKTOP-R51096T" name="org.mavenpro.NewTest" tests="1" failures="0" timestamp="2023-04-06T16:33:08 IST" time="0.006" errors="0">
  <testcase name="f" time="0.006" classname="org.mavenpro.NewTest"/>
  <system-out/>
</testsuite> <!-- org.mavenpro.NewTest -->
