<?xml version="1.0" encoding="UTF-8"?>
<!-- Generated by org.testng.reporters.JUnitReportReporter -->
<testsuite skipped="0" hostname="DESKTOP-R51096T" name="org.mavenpro.DataProvider_testng" tests="2" failures="0" timestamp="2023-04-21T14:41:01 IST" time="12.286" errors="0">
  <testcase name="adactin" time="4.541" classname="org.mavenpro.DataProvider_testng"/>
  <system-out/>
  <testcase name="adactin" time="7.745" classname="org.mavenpro.DataProvider_testng"/>
  <system-out/>
</testsuite> <!-- org.mavenpro.DataProvider_testng -->
